e:\game dev\back up\reality engine\reality\reality\debug\vc142.pdb
e:\game dev\back up\reality engine\reality\reality\debug\vc142.idb
e:\game dev\back up\reality engine\reality\reality\debug\model.obj
e:\game dev\back up\reality engine\reality\reality\debug\meshcomponent.obj
e:\game dev\back up\reality engine\reality\reality\debug\mesh.obj
e:\game dev\back up\reality engine\reality\reality\debug\material.obj
e:\game dev\back up\reality engine\reality\reality\debug\main.obj
e:\game dev\back up\reality engine\reality\reality\debug\imgui_widgets.obj
e:\game dev\back up\reality engine\reality\reality\debug\imgui_impl_opengl3.obj
e:\game dev\back up\reality engine\reality\reality\debug\imgui_impl_glfw.obj
e:\game dev\back up\reality engine\reality\reality\debug\imgui_draw.obj
e:\game dev\back up\reality engine\reality\reality\debug\imgui_demo.obj
e:\game dev\back up\reality engine\reality\reality\debug\imgui.obj
e:\game dev\back up\reality engine\reality\reality\debug\imguimanager.obj
e:\game dev\back up\reality engine\reality\reality\debug\glm.obj
e:\game dev\back up\reality engine\reality\reality\debug\game.obj
e:\game dev\back up\reality engine\reality\reality\debug\framebuffer.obj
e:\game dev\back up\reality engine\reality\reality\debug\directionallight.obj
e:\game dev\back up\reality engine\reality\reality\debug\cube.obj
e:\game dev\back up\reality engine\reality\reality\debug\component.obj
e:\game dev\back up\reality engine\reality\reality\debug\camera.obj
e:\game dev\back up\reality engine\reality\reality\debug\actor.obj
e:\game dev\back up\reality engine\reality\reality\debug\vertexarrayobject.obj
e:\game dev\back up\reality engine\reality\reality\debug\texture.obj
e:\game dev\back up\reality engine\reality\reality\debug\sword.obj
e:\game dev\back up\reality engine\reality\reality\debug\submesh.obj
e:\game dev\back up\reality engine\reality\reality\debug\skybox.obj
e:\game dev\back up\reality engine\reality\reality\debug\shield.obj
e:\game dev\back up\reality engine\reality\reality\debug\shadowcascade.obj
e:\game dev\back up\reality engine\reality\reality\debug\shadowbuffer.obj
e:\game dev\back up\reality engine\reality\reality\debug\shader.obj
e:\game dev\back up\reality engine\reality\reality\debug\renderer.obj
e:\game dev\back up\reality engine\reality\reality\debug\moon.obj
e:\game dev\back up\reality engine\reality\reality\debug\modelcomponent.obj
e:\game dev\back up\reality engine\reality\debug\reality.ilk
e:\game dev\back up\reality engine\reality\debug\reality.exe
e:\game dev\back up\reality engine\reality\debug\reality.pdb
e:\game dev\back up\reality engine\reality\reality\debug\stb_image.obj
e:\game dev\back up\reality engine\reality\reality\debug\cube.obj.enc
e:\game dev\back up\reality engine\reality\reality\debug\game.obj.enc
e:\game dev\back up\reality engine\reality\reality\debug\model.obj.enc
e:\game dev\back up\reality engine\reality\reality\debug\renderer.obj.enc
e:\game dev\back up\reality engine\reality\reality\debug\texture.obj.enc
e:\game dev\back up\reality engine\reality\reality\debug\vc141.idb
e:\game dev\back up\reality engine\reality\reality\debug\vc141.pdb
e:\game dev\back up\reality engine\reality\reality\debug\reality.tlog\cl.command.1.tlog
e:\game dev\back up\reality engine\reality\reality\debug\reality.tlog\cl.read.1.tlog
e:\game dev\back up\reality engine\reality\reality\debug\reality.tlog\cl.write.1.tlog
e:\game dev\back up\reality engine\reality\reality\debug\reality.tlog\link.command.1.tlog
e:\game dev\back up\reality engine\reality\reality\debug\reality.tlog\link.read.1.tlog
e:\game dev\back up\reality engine\reality\reality\debug\reality.tlog\link.write.1.tlog
