  Actor.cpp
E:\Game Dev\Reality Engine\Reality\Reality\Game.h(3,10): fatal error C1083: Cannot open include file: 'GL/glew.h': No such file or directory
  Camera.cpp
E:\Game Dev\Reality Engine\Reality\Reality\Game.h(3,10): fatal error C1083: Cannot open include file: 'GL/glew.h': No such file or directory
  Component.cpp
  Cube.cpp
E:\Game Dev\Reality Engine\Reality\Reality\Game.h(3,10): fatal error C1083: Cannot open include file: 'GL/glew.h': No such file or directory
  DirectionalLight.cpp
  FrameBuffer.cpp
E:\Game Dev\Reality Engine\Reality\Reality\Game.h(3,10): fatal error C1083: Cannot open include file: 'GL/glew.h': No such file or directory
  Game.cpp
E:\Game Dev\Reality Engine\Reality\Reality\Game.h(3,10): fatal error C1083: Cannot open include file: 'GL/glew.h': No such file or directory
  glm.cpp
E:\Game Dev\Reality Engine\Reality\Reality\glm\detail\glm.cpp(7,10): fatal error C1083: Cannot open include file: 'glm/gtx/dual_quaternion.hpp': No such file or directory
  ImGuiManager.cpp
E:\Game Dev\Reality Engine\Reality\Reality\Game.h(3,10): fatal error C1083: Cannot open include file: 'GL/glew.h': No such file or directory
  imgui.cpp
  imgui_impl_glfw.cpp
E:\Game Dev\Reality Engine\Reality\Reality\ImGUI\imgui_impl_glfw.cpp(44,10): fatal error C1083: Cannot open include file: 'GLFW/glfw3.h': No such file or directory
  imgui_impl_opengl3.cpp
E:\Game Dev\Reality Engine\Reality\Reality\ImGUI\imgui_impl_opengl3.h(78,1): fatal error C1189: #error:  "Cannot detect OpenGL loader!"
  imgui_widgets.cpp
  main.cpp
E:\Game Dev\Reality Engine\Reality\Reality\Game.h(3,10): fatal error C1083: Cannot open include file: 'GL/glew.h': No such file or directory
  Material.cpp
E:\Game Dev\Reality Engine\Reality\Reality\Texture.h(2,10): fatal error C1083: Cannot open include file: 'GL/glew.h': No such file or directory
  Mesh.cpp
E:\Game Dev\Reality Engine\Reality\Reality\VertexArrayObject.h(2,10): fatal error C1083: Cannot open include file: 'GL/glew.h': No such file or directory
  MeshComponent.cpp
E:\Game Dev\Reality Engine\Reality\Reality\Game.h(3,10): fatal error C1083: Cannot open include file: 'GL/glew.h': No such file or directory
  Model.cpp
E:\Game Dev\Reality Engine\Reality\Reality\Texture.h(2,10): fatal error C1083: Cannot open include file: 'GL/glew.h': No such file or directory
  ModelComponent.cpp
E:\Game Dev\Reality Engine\Reality\Reality\Game.h(3,10): fatal error C1083: Cannot open include file: 'GL/glew.h': No such file or directory
  BackPack.cpp
E:\Game Dev\Reality Engine\Reality\Reality\Game.h(3,10): fatal error C1083: Cannot open include file: 'GL/glew.h': No such file or directory
  Generating Code...
  Compiling...
  Renderer.cpp
E:\Game Dev\Reality Engine\Reality\Reality\Renderer.h(2,10): fatal error C1083: Cannot open include file: 'GL/glew.h': No such file or directory
  Shader.cpp
E:\Game Dev\Reality Engine\Reality\Reality\Shader.h(2,10): fatal error C1083: Cannot open include file: 'GL/glew.h': No such file or directory
  ShadowBuffer.cpp
E:\Game Dev\Reality Engine\Reality\Reality\Shader.h(2,10): fatal error C1083: Cannot open include file: 'GL/glew.h': No such file or directory
  ShadowCascade.cpp
E:\Game Dev\Reality Engine\Reality\Reality\Game.h(3,10): fatal error C1083: Cannot open include file: 'GL/glew.h': No such file or directory
  Shield.cpp
E:\Game Dev\Reality Engine\Reality\Reality\Game.h(3,10): fatal error C1083: Cannot open include file: 'GL/glew.h': No such file or directory
  SkyBox.cpp
E:\Game Dev\Reality Engine\Reality\Reality\Shader.h(2,10): fatal error C1083: Cannot open include file: 'GL/glew.h': No such file or directory
  SubMesh.cpp
E:\Game Dev\Reality Engine\Reality\Reality\VertexArrayObject.h(2,10): fatal error C1083: Cannot open include file: 'GL/glew.h': No such file or directory
  Land.cpp
E:\Game Dev\Reality Engine\Reality\Reality\Game.h(3,10): fatal error C1083: Cannot open include file: 'GL/glew.h': No such file or directory
  Texture.cpp
E:\Game Dev\Reality Engine\Reality\Reality\Texture.h(2,10): fatal error C1083: Cannot open include file: 'GL/glew.h': No such file or directory
  VertexArrayObject.cpp
E:\Game Dev\Reality Engine\Reality\Reality\VertexArrayObject.h(2,10): fatal error C1083: Cannot open include file: 'GL/glew.h': No such file or directory
  Generating Code...
